Успешно сохранено: data/MDL_EUR_2025-10-10.json
Успешно сохранено: data/MDL_EUR_2025-10-10.json
Успешно сохранено: data/MDL_EUR_2025-10-10.json
Успешно сохранено: data/MDL_EUR_2025-10-10.json
Успешно сохранено: data/MDL_EUR_2025-10-10.json
Успешно сохранено: data/MDL_EUR_2025-10-10.json
Успешно сохранено: data/MDL_EUR_2025-10-10.json
Успешно сохранено: data/MDL_EUR_2025-10-10.json
Успешно сохранено: data/MDL_EUR_2025-10-10.json
Успешно сохранено: data/MDL_EUR_2025-10-10.json
Успешно сохранено: data/MDL_EUR_2025-10-10.json
Успешно сохранено: data/MDL_EUR_2025-10-10.json
Успешно сохранено: data/MDL_EUR_2025-10-10.json
Успешно сохранено: data/MDL_EUR_2025-10-10.json
Успешно сохранено: data/MDL_EUR_2025-10-10.json
Успешно сохранено: data/MDL_EUR_2025-10-10.json
Успешно сохранено: data/MDL_EUR_2025-10-10.json
Успешно сохранено: data/MDL_EUR_2025-10-10.json
Успешно сохранено: data/MDL_EUR_2025-10-10.json
Успешно сохранено: data/MDL_EUR_2025-10-10.json
Успешно сохранено: data/MDL_EUR_2025-10-10.json
Успешно сохранено: data/MDL_EUR_2025-10-10.json
Успешно сохранено: data/MDL_EUR_2025-10-10.json
[WEEKLY_TEST] 2025-10-06
Успешно сохранено: data/MDL_EUR_2025-10-10.json
Успешно сохранено: data/MDL_USD_2025-10-06.json
[WEEKLY_TEST] 2025-10-07
Успешно сохранено: data/MDL_USD_2025-10-07.json
[WEEKLY_TEST] 2025-10-06
Успешно сохранено: data/MDL_USD_2025-10-06.json
Успешно сохранено: data/MDL_EUR_2025-10-10.json
[WEEKLY_TEST] 2025-10-07
Успешно сохранено: data/MDL_USD_2025-10-07.json
[WEEKLY_TEST] 2025-10-06
Успешно сохранено: data/MDL_EUR_2025-10-10.json
Успешно сохранено: data/MDL_USD_2025-10-06.json
[WEEKLY_TEST] 2025-10-10
Успешно сохранено: data/MDL_USD_2025-10-10.json
[WEEKLY_TEST] 2025-10-06
Успешно сохранено: data/MDL_EUR_2025-10-10.json
Успешно сохранено: data/MDL_USD_2025-10-06.json
[WEEKLY_TEST] 2025-10-10
Успешно сохранено: data/MDL_USD_2025-10-10.json
[WEEKLY_TEST] 2025-10-06
Успешно сохранено: data/MDL_USD_2025-10-06.json
Успешно сохранено: data/MDL_EUR_2025-10-10.json
[WEEKLY_TEST] 2025-10-10
Успешно сохранено: data/MDL_USD_2025-10-10.json
[WEEKLY_TEST] 2025-10-06
Успешно сохранено: data/MDL_USD_2025-10-06.json
Успешно сохранено: data/MDL_EUR_2025-10-10.json
[WEEKLY_TEST] 2025-10-10
Успешно сохранено: data/MDL_USD_2025-10-10.json
Успешно сохранено: data/MDL_EUR_2025-10-10.json
[WEEKLY_TEST] 2025-10-06
Успешно сохранено: data/MDL_USD_2025-10-06.json
Успешно сохранено: data/MDL_EUR_2025-10-10.json
[WEEKLY_TEST] 2025-10-07
Успешно сохранено: data/MDL_USD_2025-10-07.json
[WEEKLY_TEST] 2025-10-08
Успешно сохранено: data/MDL_USD_2025-10-08.json
[WEEKLY_TEST] 2025-10-09
Успешно сохранено: data/MDL_USD_2025-10-09.json
[WEEKLY_TEST] 2025-10-10
Успешно сохранено: data/MDL_USD_2025-10-10.json
[WEEKLY_TEST] 2025-10-11
Успешно сохранено: data/MDL_USD_2025-10-11.json
[WEEKLY_TEST] 2025-10-12
Успешно сохранено: data/MDL_USD_2025-10-12.json
[WEEKLY_TEST] 2025-10-06
Успешно сохранено: data/MDL_USD_2025-10-06.json
Успешно сохранено: data/MDL_EUR_2025-10-10.json
[WEEKLY_TEST] 2025-10-07
Успешно сохранено: data/MDL_USD_2025-10-07.json
[WEEKLY_TEST] 2025-10-08
Успешно сохранено: data/MDL_USD_2025-10-08.json
[WEEKLY_TEST] 2025-10-09
Успешно сохранено: data/MDL_USD_2025-10-09.json
[WEEKLY_TEST] 2025-10-10
Успешно сохранено: data/MDL_USD_2025-10-10.json
[WEEKLY_TEST] 2025-10-11
Успешно сохранено: data/MDL_USD_2025-10-11.json
[WEEKLY_TEST] 2025-10-12
Успешно сохранено: data/MDL_USD_2025-10-12.json
[WEEKLY_TEST] 2025-10-06
Успешно сохранено: data/MDL_EUR_2025-10-10.json
Успешно сохранено: data/MDL_USD_2025-10-06.json
[WEEKLY_TEST] 2025-10-07
Успешно сохранено: data/MDL_USD_2025-10-07.json
[WEEKLY_TEST] 2025-10-08
Успешно сохранено: data/MDL_USD_2025-10-08.json
[WEEKLY_TEST] 2025-10-09
Успешно сохранено: data/MDL_USD_2025-10-09.json
[WEEKLY_TEST] 2025-10-10
Успешно сохранено: data/MDL_USD_2025-10-10.json
[WEEKLY_TEST] 2025-10-11
Успешно сохранено: data/MDL_USD_2025-10-11.json
[WEEKLY_TEST] 2025-10-12
Успешно сохранено: data/MDL_USD_2025-10-12.json
[WEEKLY_TEST] 2025-10-06
Успешно сохранено: data/MDL_EUR_2025-10-10.json
Успешно сохранено: data/MDL_USD_2025-10-06.json
[WEEKLY_TEST] 2025-10-07
Успешно сохранено: data/MDL_USD_2025-10-07.json
[WEEKLY_TEST] 2025-10-08
Успешно сохранено: data/MDL_USD_2025-10-08.json
[WEEKLY_TEST] 2025-10-09
Успешно сохранено: data/MDL_USD_2025-10-09.json
[WEEKLY_TEST] 2025-10-10
Успешно сохранено: data/MDL_USD_2025-10-10.json
[WEEKLY_TEST] 2025-10-11
Успешно сохранено: data/MDL_USD_2025-10-11.json
[WEEKLY_TEST] 2025-10-12
Успешно сохранено: data/MDL_USD_2025-10-12.json
[WEEKLY_TEST] 2025-10-06
2025-10-11 15:41:01,551 ERROR Ошибка при получении данных: Сетевая ошибка при обращении к http://host.docker.internall:8080/: HTTPConnectionPool(host='host.docker.internall', port=8080): Max retries exceeded with url: /?from=MDL&to=USD&date=2025-10-06 (Caused by NameResolutionError("<urllib3.connection.HTTPConnection object at 0x7f9d85e03380>: Failed to resolve 'host.docker.internall' ([Errno -2] Name or service not known)"))
2025-10-11 15:41:01,551 ERROR Ошибка при получении данных: Сетевая ошибка при обращении к http://host.docker.internall:8080/: HTTPConnectionPool(host='host.docker.internall', port=8080): Max retries exceeded with url: /?from=MDL&to=EUR&date=2025-10-10 (Caused by NameResolutionError("<urllib3.connection.HTTPConnection object at 0x7f84968ba540>: Failed to resolve 'host.docker.internall' ([Errno -2] Name or service not known)"))
Ошибка при получении курса:Ошибка при получении курса:  Сетевая ошибка при обращении к http://host.docker.internall:8080/: HTTPConnectionPool(host='host.docker.internall', port=8080): Max retries exceeded with url: /?from=MDL&to=EUR&date=2025-10-10 (Caused by NameResolutionError("<urllib3.connection.HTTPConnection object at 0x7f84968ba540>: Failed to resolve 'host.docker.internall' ([Errno -2] Name or service not known)"))Сетевая ошибка при обращении к http://host.docker.internall:8080/: HTTPConnectionPool(host='host.docker.internall', port=8080): Max retries exceeded with url: /?from=MDL&to=USD&date=2025-10-06 (Caused by NameResolutionError("<urllib3.connection.HTTPConnection object at 0x7f9d85e03380>: Failed to resolve 'host.docker.internall' ([Errno -2] Name or service not known)"))

[WEEKLY_TEST] 2025-10-07
2025-10-11 15:41:01,644 ERROR Ошибка при получении данных: Сетевая ошибка при обращении к http://host.docker.internall:8080/: HTTPConnectionPool(host='host.docker.internall', port=8080): Max retries exceeded with url: /?from=MDL&to=USD&date=2025-10-07 (Caused by NameResolutionError("<urllib3.connection.HTTPConnection object at 0x7fe07bd12b10>: Failed to resolve 'host.docker.internall' ([Errno -2] Name or service not known)"))
Ошибка при получении курса: Сетевая ошибка при обращении к http://host.docker.internall:8080/: HTTPConnectionPool(host='host.docker.internall', port=8080): Max retries exceeded with url: /?from=MDL&to=USD&date=2025-10-07 (Caused by NameResolutionError("<urllib3.connection.HTTPConnection object at 0x7fe07bd12b10>: Failed to resolve 'host.docker.internall' ([Errno -2] Name or service not known)"))
[WEEKLY_TEST] 2025-10-08
2025-10-11 15:41:01,738 ERROR Ошибка при получении данных: Сетевая ошибка при обращении к http://host.docker.internall:8080/: HTTPConnectionPool(host='host.docker.internall', port=8080): Max retries exceeded with url: /?from=MDL&to=USD&date=2025-10-08 (Caused by NameResolutionError("<urllib3.connection.HTTPConnection object at 0x7fbff097f710>: Failed to resolve 'host.docker.internall' ([Errno -2] Name or service not known)"))
Ошибка при получении курса: Сетевая ошибка при обращении к http://host.docker.internall:8080/: HTTPConnectionPool(host='host.docker.internall', port=8080): Max retries exceeded with url: /?from=MDL&to=USD&date=2025-10-08 (Caused by NameResolutionError("<urllib3.connection.HTTPConnection object at 0x7fbff097f710>: Failed to resolve 'host.docker.internall' ([Errno -2] Name or service not known)"))
[WEEKLY_TEST] 2025-10-09
2025-10-11 15:41:01,828 ERROR Ошибка при получении данных: Сетевая ошибка при обращении к http://host.docker.internall:8080/: HTTPConnectionPool(host='host.docker.internall', port=8080): Max retries exceeded with url: /?from=MDL&to=USD&date=2025-10-09 (Caused by NameResolutionError("<urllib3.connection.HTTPConnection object at 0x7fa034c17590>: Failed to resolve 'host.docker.internall' ([Errno -2] Name or service not known)"))
Ошибка при получении курса: Сетевая ошибка при обращении к http://host.docker.internall:8080/: HTTPConnectionPool(host='host.docker.internall', port=8080): Max retries exceeded with url: /?from=MDL&to=USD&date=2025-10-09 (Caused by NameResolutionError("<urllib3.connection.HTTPConnection object at 0x7fa034c17590>: Failed to resolve 'host.docker.internall' ([Errno -2] Name or service not known)"))
[WEEKLY_TEST] 2025-10-10
2025-10-11 15:41:01,919 ERROR Ошибка при получении данных: Сетевая ошибка при обращении к http://host.docker.internall:8080/: HTTPConnectionPool(host='host.docker.internall', port=8080): Max retries exceeded with url: /?from=MDL&to=USD&date=2025-10-10 (Caused by NameResolutionError("<urllib3.connection.HTTPConnection object at 0x7f360d0d7590>: Failed to resolve 'host.docker.internall' ([Errno -2] Name or service not known)"))
Ошибка при получении курса: Сетевая ошибка при обращении к http://host.docker.internall:8080/: HTTPConnectionPool(host='host.docker.internall', port=8080): Max retries exceeded with url: /?from=MDL&to=USD&date=2025-10-10 (Caused by NameResolutionError("<urllib3.connection.HTTPConnection object at 0x7f360d0d7590>: Failed to resolve 'host.docker.internall' ([Errno -2] Name or service not known)"))
[WEEKLY_TEST] 2025-10-11
2025-10-11 15:41:02,009 ERROR Ошибка при получении данных: Сетевая ошибка при обращении к http://host.docker.internall:8080/: HTTPConnectionPool(host='host.docker.internall', port=8080): Max retries exceeded with url: /?from=MDL&to=USD&date=2025-10-11 (Caused by NameResolutionError("<urllib3.connection.HTTPConnection object at 0x7f69405c7530>: Failed to resolve 'host.docker.internall' ([Errno -2] Name or service not known)"))
Ошибка при получении курса: Сетевая ошибка при обращении к http://host.docker.internall:8080/: HTTPConnectionPool(host='host.docker.internall', port=8080): Max retries exceeded with url: /?from=MDL&to=USD&date=2025-10-11 (Caused by NameResolutionError("<urllib3.connection.HTTPConnection object at 0x7f69405c7530>: Failed to resolve 'host.docker.internall' ([Errno -2] Name or service not known)"))
[WEEKLY_TEST] 2025-10-12
2025-10-11 15:41:02,097 ERROR Ошибка при получении данных: Сетевая ошибка при обращении к http://host.docker.internall:8080/: HTTPConnectionPool(host='host.docker.internall', port=8080): Max retries exceeded with url: /?from=MDL&to=USD&date=2025-10-12 (Caused by NameResolutionError("<urllib3.connection.HTTPConnection object at 0x7f9a7fd67710>: Failed to resolve 'host.docker.internall' ([Errno -2] Name or service not known)"))
Ошибка при получении курса: Сетевая ошибка при обращении к http://host.docker.internall:8080/: HTTPConnectionPool(host='host.docker.internall', port=8080): Max retries exceeded with url: /?from=MDL&to=USD&date=2025-10-12 (Caused by NameResolutionError("<urllib3.connection.HTTPConnection object at 0x7f9a7fd67710>: Failed to resolve 'host.docker.internall' ([Errno -2] Name or service not known)"))
[WEEKLY_TEST] 2025-10-06
2025-10-11 15:42:01,228 ERROR Ошибка при получении данных: Сетевая ошибка при обращении к http://host.docker.internall:8080/: HTTPConnectionPool(host='host.docker.internall', port=8080): Max retries exceeded with url: /?from=MDL&to=USD&date=2025-10-06 (Caused by NameResolutionError("<urllib3.connection.HTTPConnection object at 0x7f359b047650>: Failed to resolve 'host.docker.internall' ([Errno -2] Name or service not known)"))
2025-10-11 15:42:01,228 ERROR Ошибка при получении данных: Сетевая ошибка при обращении к http://host.docker.internall:8080/: HTTPConnectionPool(host='host.docker.internall', port=8080): Max retries exceeded with url: /?from=MDL&to=EUR&date=2025-10-10 (Caused by NameResolutionError("<urllib3.connection.HTTPConnection object at 0x7fc1559fede0>: Failed to resolve 'host.docker.internall' ([Errno -2] Name or service not known)"))
Ошибка при получении курса:Ошибка при получении курса:  Сетевая ошибка при обращении к http://host.docker.internall:8080/: HTTPConnectionPool(host='host.docker.internall', port=8080): Max retries exceeded with url: /?from=MDL&to=USD&date=2025-10-06 (Caused by NameResolutionError("<urllib3.connection.HTTPConnection object at 0x7f359b047650>: Failed to resolve 'host.docker.internall' ([Errno -2] Name or service not known)"))Сетевая ошибка при обращении к http://host.docker.internall:8080/: HTTPConnectionPool(host='host.docker.internall', port=8080): Max retries exceeded with url: /?from=MDL&to=EUR&date=2025-10-10 (Caused by NameResolutionError("<urllib3.connection.HTTPConnection object at 0x7fc1559fede0>: Failed to resolve 'host.docker.internall' ([Errno -2] Name or service not known)"))

[WEEKLY_TEST] 2025-10-07
2025-10-11 15:42:01,384 ERROR Ошибка при получении данных: Сетевая ошибка при обращении к http://host.docker.internall:8080/: HTTPConnectionPool(host='host.docker.internall', port=8080): Max retries exceeded with url: /?from=MDL&to=USD&date=2025-10-07 (Caused by NameResolutionError("<urllib3.connection.HTTPConnection object at 0x7fce6badf8f0>: Failed to resolve 'host.docker.internall' ([Errno -2] Name or service not known)"))
Ошибка при получении курса: Сетевая ошибка при обращении к http://host.docker.internall:8080/: HTTPConnectionPool(host='host.docker.internall', port=8080): Max retries exceeded with url: /?from=MDL&to=USD&date=2025-10-07 (Caused by NameResolutionError("<urllib3.connection.HTTPConnection object at 0x7fce6badf8f0>: Failed to resolve 'host.docker.internall' ([Errno -2] Name or service not known)"))
[WEEKLY_TEST] 2025-10-08
2025-10-11 15:42:01,507 ERROR Ошибка при получении данных: Сетевая ошибка при обращении к http://host.docker.internall:8080/: HTTPConnectionPool(host='host.docker.internall', port=8080): Max retries exceeded with url: /?from=MDL&to=USD&date=2025-10-08 (Caused by NameResolutionError("<urllib3.connection.HTTPConnection object at 0x7fe138584d40>: Failed to resolve 'host.docker.internall' ([Errno -2] Name or service not known)"))
Ошибка при получении курса: Сетевая ошибка при обращении к http://host.docker.internall:8080/: HTTPConnectionPool(host='host.docker.internall', port=8080): Max retries exceeded with url: /?from=MDL&to=USD&date=2025-10-08 (Caused by NameResolutionError("<urllib3.connection.HTTPConnection object at 0x7fe138584d40>: Failed to resolve 'host.docker.internall' ([Errno -2] Name or service not known)"))
[WEEKLY_TEST] 2025-10-09
2025-10-11 15:42:01,633 ERROR Ошибка при получении данных: Сетевая ошибка при обращении к http://host.docker.internall:8080/: HTTPConnectionPool(host='host.docker.internall', port=8080): Max retries exceeded with url: /?from=MDL&to=USD&date=2025-10-09 (Caused by NameResolutionError("<urllib3.connection.HTTPConnection object at 0x7fa9fb8fb950>: Failed to resolve 'host.docker.internall' ([Errno -2] Name or service not known)"))
Ошибка при получении курса: Сетевая ошибка при обращении к http://host.docker.internall:8080/: HTTPConnectionPool(host='host.docker.internall', port=8080): Max retries exceeded with url: /?from=MDL&to=USD&date=2025-10-09 (Caused by NameResolutionError("<urllib3.connection.HTTPConnection object at 0x7fa9fb8fb950>: Failed to resolve 'host.docker.internall' ([Errno -2] Name or service not known)"))
[WEEKLY_TEST] 2025-10-10
2025-10-11 15:42:01,736 ERROR Ошибка при получении данных: Сетевая ошибка при обращении к http://host.docker.internall:8080/: HTTPConnectionPool(host='host.docker.internall', port=8080): Max retries exceeded with url: /?from=MDL&to=USD&date=2025-10-10 (Caused by NameResolutionError("<urllib3.connection.HTTPConnection object at 0x7fbd3a87f710>: Failed to resolve 'host.docker.internall' ([Errno -2] Name or service not known)"))
Ошибка при получении курса: Сетевая ошибка при обращении к http://host.docker.internall:8080/: HTTPConnectionPool(host='host.docker.internall', port=8080): Max retries exceeded with url: /?from=MDL&to=USD&date=2025-10-10 (Caused by NameResolutionError("<urllib3.connection.HTTPConnection object at 0x7fbd3a87f710>: Failed to resolve 'host.docker.internall' ([Errno -2] Name or service not known)"))
[WEEKLY_TEST] 2025-10-11
2025-10-11 15:42:01,834 ERROR Ошибка при получении данных: Сетевая ошибка при обращении к http://host.docker.internall:8080/: HTTPConnectionPool(host='host.docker.internall', port=8080): Max retries exceeded with url: /?from=MDL&to=USD&date=2025-10-11 (Caused by NameResolutionError("<urllib3.connection.HTTPConnection object at 0x7fa49286f950>: Failed to resolve 'host.docker.internall' ([Errno -2] Name or service not known)"))
Ошибка при получении курса: Сетевая ошибка при обращении к http://host.docker.internall:8080/: HTTPConnectionPool(host='host.docker.internall', port=8080): Max retries exceeded with url: /?from=MDL&to=USD&date=2025-10-11 (Caused by NameResolutionError("<urllib3.connection.HTTPConnection object at 0x7fa49286f950>: Failed to resolve 'host.docker.internall' ([Errno -2] Name or service not known)"))
[WEEKLY_TEST] 2025-10-12
2025-10-11 15:42:01,938 ERROR Ошибка при получении данных: Сетевая ошибка при обращении к http://host.docker.internall:8080/: HTTPConnectionPool(host='host.docker.internall', port=8080): Max retries exceeded with url: /?from=MDL&to=USD&date=2025-10-12 (Caused by NameResolutionError("<urllib3.connection.HTTPConnection object at 0x7fc9794f3560>: Failed to resolve 'host.docker.internall' ([Errno -2] Name or service not known)"))
Ошибка при получении курса: Сетевая ошибка при обращении к http://host.docker.internall:8080/: HTTPConnectionPool(host='host.docker.internall', port=8080): Max retries exceeded with url: /?from=MDL&to=USD&date=2025-10-12 (Caused by NameResolutionError("<urllib3.connection.HTTPConnection object at 0x7fc9794f3560>: Failed to resolve 'host.docker.internall' ([Errno -2] Name or service not known)"))
[WEEKLY_TEST] 2025-10-06
2025-10-11 15:44:02,131 ERROR Ошибка при получении данных: Сетевая ошибка при обращении к http://localhost:8080/: HTTPConnectionPool(host='localhost', port=8080): Max retries exceeded with url: /?from=MDL&to=USD&date=2025-10-06 (Caused by NewConnectionError('<urllib3.connection.HTTPConnection object at 0x7f41fa0a70b0>: Failed to establish a new connection: [Errno 111] Connection refused'))
2025-10-11 15:44:02,131 ERROR Ошибка при получении данных: Сетевая ошибка при обращении к http://localhost:8080/: HTTPConnectionPool(host='localhost', port=8080): Max retries exceeded with url: /?from=MDL&to=EUR&date=2025-10-10 (Caused by NewConnectionError('<urllib3.connection.HTTPConnection object at 0x7f648de93ad0>: Failed to establish a new connection: [Errno 111] Connection refused'))
Ошибка при получении курса:Ошибка при получении курса:  Сетевая ошибка при обращении к http://localhost:8080/: HTTPConnectionPool(host='localhost', port=8080): Max retries exceeded with url: /?from=MDL&to=EUR&date=2025-10-10 (Caused by NewConnectionError('<urllib3.connection.HTTPConnection object at 0x7f648de93ad0>: Failed to establish a new connection: [Errno 111] Connection refused'))Сетевая ошибка при обращении к http://localhost:8080/: HTTPConnectionPool(host='localhost', port=8080): Max retries exceeded with url: /?from=MDL&to=USD&date=2025-10-06 (Caused by NewConnectionError('<urllib3.connection.HTTPConnection object at 0x7f41fa0a70b0>: Failed to establish a new connection: [Errno 111] Connection refused'))

[WEEKLY_TEST] 2025-10-07
2025-10-11 15:44:02,226 ERROR Ошибка при получении данных: Сетевая ошибка при обращении к http://localhost:8080/: HTTPConnectionPool(host='localhost', port=8080): Max retries exceeded with url: /?from=MDL&to=USD&date=2025-10-07 (Caused by NewConnectionError('<urllib3.connection.HTTPConnection object at 0x7f4d0454a420>: Failed to establish a new connection: [Errno 111] Connection refused'))
Ошибка при получении курса: Сетевая ошибка при обращении к http://localhost:8080/: HTTPConnectionPool(host='localhost', port=8080): Max retries exceeded with url: /?from=MDL&to=USD&date=2025-10-07 (Caused by NewConnectionError('<urllib3.connection.HTTPConnection object at 0x7f4d0454a420>: Failed to establish a new connection: [Errno 111] Connection refused'))
[WEEKLY_TEST] 2025-10-08
2025-10-11 15:44:02,319 ERROR Ошибка при получении данных: Сетевая ошибка при обращении к http://localhost:8080/: HTTPConnectionPool(host='localhost', port=8080): Max retries exceeded with url: /?from=MDL&to=USD&date=2025-10-08 (Caused by NewConnectionError('<urllib3.connection.HTTPConnection object at 0x7fc2c39e35f0>: Failed to establish a new connection: [Errno 111] Connection refused'))
Ошибка при получении курса: Сетевая ошибка при обращении к http://localhost:8080/: HTTPConnectionPool(host='localhost', port=8080): Max retries exceeded with url: /?from=MDL&to=USD&date=2025-10-08 (Caused by NewConnectionError('<urllib3.connection.HTTPConnection object at 0x7fc2c39e35f0>: Failed to establish a new connection: [Errno 111] Connection refused'))
[WEEKLY_TEST] 2025-10-09
2025-10-11 15:44:02,410 ERROR Ошибка при получении данных: Сетевая ошибка при обращении к http://localhost:8080/: HTTPConnectionPool(host='localhost', port=8080): Max retries exceeded with url: /?from=MDL&to=USD&date=2025-10-09 (Caused by NewConnectionError('<urllib3.connection.HTTPConnection object at 0x7f4e018e35f0>: Failed to establish a new connection: [Errno 111] Connection refused'))
Ошибка при получении курса: Сетевая ошибка при обращении к http://localhost:8080/: HTTPConnectionPool(host='localhost', port=8080): Max retries exceeded with url: /?from=MDL&to=USD&date=2025-10-09 (Caused by NewConnectionError('<urllib3.connection.HTTPConnection object at 0x7f4e018e35f0>: Failed to establish a new connection: [Errno 111] Connection refused'))
[WEEKLY_TEST] 2025-10-10
2025-10-11 15:44:02,503 ERROR Ошибка при получении данных: Сетевая ошибка при обращении к http://localhost:8080/: HTTPConnectionPool(host='localhost', port=8080): Max retries exceeded with url: /?from=MDL&to=USD&date=2025-10-10 (Caused by NewConnectionError('<urllib3.connection.HTTPConnection object at 0x7f0810e26420>: Failed to establish a new connection: [Errno 111] Connection refused'))
Ошибка при получении курса: Сетевая ошибка при обращении к http://localhost:8080/: HTTPConnectionPool(host='localhost', port=8080): Max retries exceeded with url: /?from=MDL&to=USD&date=2025-10-10 (Caused by NewConnectionError('<urllib3.connection.HTTPConnection object at 0x7f0810e26420>: Failed to establish a new connection: [Errno 111] Connection refused'))
[WEEKLY_TEST] 2025-10-11
2025-10-11 15:44:02,598 ERROR Ошибка при получении данных: Сетевая ошибка при обращении к http://localhost:8080/: HTTPConnectionPool(host='localhost', port=8080): Max retries exceeded with url: /?from=MDL&to=USD&date=2025-10-11 (Caused by NewConnectionError('<urllib3.connection.HTTPConnection object at 0x7f9e2b08b5f0>: Failed to establish a new connection: [Errno 111] Connection refused'))
Ошибка при получении курса: Сетевая ошибка при обращении к http://localhost:8080/: HTTPConnectionPool(host='localhost', port=8080): Max retries exceeded with url: /?from=MDL&to=USD&date=2025-10-11 (Caused by NewConnectionError('<urllib3.connection.HTTPConnection object at 0x7f9e2b08b5f0>: Failed to establish a new connection: [Errno 111] Connection refused'))
[WEEKLY_TEST] 2025-10-12
2025-10-11 15:44:02,695 ERROR Ошибка при получении данных: Сетевая ошибка при обращении к http://localhost:8080/: HTTPConnectionPool(host='localhost', port=8080): Max retries exceeded with url: /?from=MDL&to=USD&date=2025-10-12 (Caused by NewConnectionError('<urllib3.connection.HTTPConnection object at 0x7fd0ec9ca420>: Failed to establish a new connection: [Errno 111] Connection refused'))
Ошибка при получении курса: Сетевая ошибка при обращении к http://localhost:8080/: HTTPConnectionPool(host='localhost', port=8080): Max retries exceeded with url: /?from=MDL&to=USD&date=2025-10-12 (Caused by NewConnectionError('<urllib3.connection.HTTPConnection object at 0x7fd0ec9ca420>: Failed to establish a new connection: [Errno 111] Connection refused'))
[WEEKLY_TEST] 2025-10-06
Успешно сохранено: data/MDL_USD_2025-10-06.json
Успешно сохранено: data/MDL_EUR_2025-10-10.json
[WEEKLY_TEST] 2025-10-07
Успешно сохранено: data/MDL_USD_2025-10-07.json
[WEEKLY_TEST] 2025-10-08
Успешно сохранено: data/MDL_USD_2025-10-08.json
[WEEKLY_TEST] 2025-10-09
Успешно сохранено: data/MDL_USD_2025-10-09.json
[WEEKLY_TEST] 2025-10-10
Успешно сохранено: data/MDL_USD_2025-10-10.json
[WEEKLY_TEST] 2025-10-11
Успешно сохранено: data/MDL_USD_2025-10-11.json
[WEEKLY_TEST] 2025-10-12
Успешно сохранено: data/MDL_USD_2025-10-12.json
[WEEKLY_TEST] 2025-10-06
Успешно сохранено: data/MDL_USD_2025-10-06.json
Успешно сохранено: data/MDL_EUR_2025-10-10.json
[WEEKLY_TEST] 2025-10-07
Успешно сохранено: data/MDL_USD_2025-10-07.json
[WEEKLY_TEST] 2025-10-08
Успешно сохранено: data/MDL_USD_2025-10-08.json
[WEEKLY_TEST] 2025-10-09
Успешно сохранено: data/MDL_USD_2025-10-09.json
[WEEKLY_TEST] 2025-10-10
Успешно сохранено: data/MDL_USD_2025-10-10.json
[WEEKLY_TEST] 2025-10-11
Успешно сохранено: data/MDL_USD_2025-10-11.json
[WEEKLY_TEST] 2025-10-12
Успешно сохранено: data/MDL_USD_2025-10-12.json
[WEEKLY_TEST] 2025-10-06
Успешно сохранено: data/MDL_EUR_2025-10-10.json
Успешно сохранено: data/MDL_USD_2025-10-06.json
[WEEKLY_TEST] 2025-10-07
Успешно сохранено: data/MDL_USD_2025-10-07.json
[WEEKLY_TEST] 2025-10-08
Успешно сохранено: data/MDL_USD_2025-10-08.json
[WEEKLY_TEST] 2025-10-09
Успешно сохранено: data/MDL_USD_2025-10-09.json
[WEEKLY_TEST] 2025-10-10
Успешно сохранено: data/MDL_USD_2025-10-10.json
[WEEKLY_TEST] 2025-10-11
Успешно сохранено: data/MDL_USD_2025-10-11.json
[WEEKLY_TEST] 2025-10-12
Успешно сохранено: data/MDL_USD_2025-10-12.json
[WEEKLY_TEST] 2025-10-06
Успешно сохранено: data/MDL_USD_2025-10-06.json
Успешно сохранено: data/MDL_EUR_2025-10-10.json
[WEEKLY_TEST] 2025-10-07
Успешно сохранено: data/MDL_USD_2025-10-07.json
[WEEKLY_TEST] 2025-10-08
Успешно сохранено: data/MDL_USD_2025-10-08.json
[WEEKLY_TEST] 2025-10-09
Успешно сохранено: data/MDL_USD_2025-10-09.json
[WEEKLY_TEST] 2025-10-10
Успешно сохранено: data/MDL_USD_2025-10-10.json
[WEEKLY_TEST] 2025-10-11
Успешно сохранено: data/MDL_USD_2025-10-11.json
[WEEKLY_TEST] 2025-10-12
Успешно сохранено: data/MDL_USD_2025-10-12.json
